<?xml version="1.0" encoding="UTF-8"?>
<!-- Generated by org.testng.reporters.JUnitReportReporter -->
<testsuite hostname="HP" failures="0" tests="1" name="com.qa.jenk.AppTest" time="1.474" errors="0" timestamp="2020-11-02T16:15:28 IST" skipped="0">
  <testcase classname="com.qa.jenk.AppTest" name="selectPro" time="1.474"/>
  <system-out/>
</testsuite> <!-- com.qa.jenk.AppTest -->
